$ next dev --turbopack
   ▲ Next.js 15.5.3 (Turbopack)
   - Local:        http://localhost:3000
   - Network:      http://169.254.0.21:3000

 ✓ Starting...
Attention: Next.js now collects completely anonymous telemetry regarding usage.
This information is used to shape Next.js' roadmap and prioritize features.
You can learn more, including how to opt-out if you'd not like to participate in this anonymous program, by visiting the following URL:
https://nextjs.org/telemetry

 ✓ Ready in 1521ms
 ○ Compiling / ...
 ✓ Compiled / in 6.5s
 ⨯ ./app/globals.css:4366:8
Parsing CSS source code failed
[0m [90m 4364 |[39m   }
 [90m 4365 |[39m }
[31m[1m>[22m[39m[90m 4366 |[39m [33m@[39m[36mimport[39m url([32m'https://fonts.googleapis.com/css2?family=Inter:wght@300;400;500;600;700&display=swap'[39m)[33m;[39m
 [90m      |[39m        [31m[1m^[22m[39m
 [90m 4367 |[39m body {
 [90m 4368 |[39m   font[33m-[39mfamily[33m:[39m [32m'Inter'[39m[33m,[39m sans[33m-[39mserif[33m;[39m
 [90m 4369 |[39m   letter[33m-[39mspacing[33m:[39m [33m-[39m[35m0.01[39mem[33m;[39m[0m

@import rules must precede all rules aside from @charset and @layer statements

Import trace:
  Client Component Browser:
    ./app/globals.css [Client Component Browser]
    ./app/layout.tsx [Server Component]


 ○ Compiling /_error ...
 ✓ Compiled /_error in 2.4s
 GET / 500 in 9257ms
 ⨯ ./app/globals.css:4366:8
Parsing CSS source code failed
[0m [90m 4364 |[39m   }
 [90m 4365 |[39m }
[31m[1m>[22m[39m[90m 4366 |[39m [33m@[39m[36mimport[39m url([32m'https://fonts.googleapis.com/css2?family=Inter:wght@300;400;500;600;700&display=swap'[39m)[33m;[39m
 [90m      |[39m        [31m[1m^[22m[39m
 [90m 4367 |[39m body {
 [90m 4368 |[39m   font[33m-[39mfamily[33m:[39m [32m'Inter'[39m[33m,[39m sans[33m-[39mserif[33m;[39m
 [90m 4369 |[39m   letter[33m-[39mspacing[33m:[39m [33m-[39m[35m0.01[39mem[33m;[39m[0m

@import rules must precede all rules aside from @charset and @layer statements

Import trace:
  Client Component Browser:
    ./app/globals.css [Client Component Browser]
    ./app/layout.tsx [Server Component]


 GET / 500 in 284ms
 ⚠ Cross origin request detected from kanban-board-2.lindy.site to /_next/* resource. In a future major version of Next.js, you will need to explicitly configure "allowedDevOrigins" in next.config to allow this.
Read more: https://nextjs.org/docs/app/api-reference/config/next-config-js/allowedDevOrigins
 ✓ Compiled /favicon.ico in 445ms
 GET /favicon.ico 500 in 515ms
 ✓ Compiled in 436ms
 ✓ Compiled / in 17ms
 GET / 200 in 1762ms
 GET /favicon.ico?favicon.bf3c9292.ico 200 in 352ms
 GET /favicon.ico?favicon.bf3c9292.ico 200 in 281ms
 GET / 200 in 193ms
 ✓ Compiled in 364ms
 ✓ Compiled / in 58ms
 GET / 200 in 511ms
 GET / 200 in 566ms
 GET /favicon.ico?favicon.bf3c9292.ico 200 in 269ms
 GET /favicon.ico 200 in 291ms
 GET /favicon.ico?favicon.bf3c9292.ico 200 in 255ms
 GET / 200 in 219ms
 GET /favicon.ico?favicon.bf3c9292.ico 200 in 284ms
 GET /favicon.ico 200 in 275ms
 GET /favicon.ico?favicon.bf3c9292.ico 200 in 252ms
 GET / 200 in 211ms
 GET /favicon.ico?favicon.bf3c9292.ico 200 in 261ms
 ✓ Compiled in 248ms
 ✓ Compiled in 243ms
 GET / 200 in 214ms
 ✓ Compiled /_not-found/page in 457ms
 GET /apple-touch-icon-precomposed.png 404 in 628ms
 GET /apple-touch-icon.png 404 in 123ms
 GET /favicon.ico?favicon.bf3c9292.ico 200 in 254ms
 GET / 200 in 204ms
 GET /apple-touch-icon-precomposed.png 404 in 132ms
 GET /apple-touch-icon.png 404 in 117ms
 GET /favicon.ico?favicon.bf3c9292.ico 200 in 266ms
 ✓ Compiled in 233ms
 ✓ Compiled in 234ms
 ✓ Compiled in 249ms
 ✓ Compiled in 422ms
 ✓ Compiled in 445ms
 ✓ Compiled in 428ms
 ⚠ Fast Refresh had to perform a full reload due to a runtime error.
 ⨯ TypeError: Cannot read properties of undefined (reading 'includes')
    at <unknown> (components/kanban/Column.tsx:131:45)
    at Array.map (<anonymous>)
    at children (components/kanban/Column.tsx:124:22)
  129 |                   onEdit={onEditTask}
  130 |                   onDelete={onDeleteTask}
> 131 |                   isSelected={selectedTasks.includes(task.id)}
      |                                             ^
  132 |                   onToggleSelection={onToggleTaskSelection}
  133 |                   compactMode={compactMode}
  134 |                 /> {
  digest: '2011943258'
}
 GET / 500 in 844ms
 ⚠ Fast Refresh had to perform a full reload due to a runtime error.
 GET /favicon.ico 200 in 263ms
 ⨯ TypeError: Cannot read properties of undefined (reading 'includes')
    at <unknown> (components/kanban/Column.tsx:131:45)
    at Array.map (<anonymous>)
    at children (components/kanban/Column.tsx:124:22)
  129 |                   onEdit={onEditTask}
  130 |                   onDelete={onDeleteTask}
> 131 |                   isSelected={selectedTasks.includes(task.id)}
      |                                             ^
  132 |                   onToggleSelection={onToggleTaskSelection}
  133 |                   compactMode={compactMode}
  134 |                 /> {
  digest: '2011943258'
}
 GET / 500 in 242ms
 GET /apple-touch-icon-precomposed.png 404 in 162ms
 GET /apple-touch-icon.png 404 in 121ms
 ✓ Compiled in 415ms
 ⚠ Fast Refresh had to perform a full reload due to a runtime error.
 ⚠ Fast Refresh had to perform a full reload due to a runtime error.
 ⨯ TypeError: Cannot read properties of undefined (reading 'includes')
    at <unknown> (components/kanban/Column.tsx:131:45)
    at Array.map (<anonymous>)
    at children (components/kanban/Column.tsx:124:22)
  129 |                   onEdit={onEditTask}
  130 |                   onDelete={onDeleteTask}
> 131 |                   isSelected={selectedTasks.includes(task.id)}
      |                                             ^
  132 |                   onToggleSelection={onToggleTaskSelection}
  133 |                   compactMode={compactMode}
  134 |                 /> {
  digest: '3691826352'
}
 GET / 500 in 699ms
 ⚠ Fast Refresh had to perform a full reload due to a runtime error.
 ⚠ Fast Refresh had to perform a full reload due to a runtime error.
 ⨯ TypeError: Cannot read properties of undefined (reading 'includes')
    at <unknown> (components/kanban/Column.tsx:131:45)
    at Array.map (<anonymous>)
    at children (components/kanban/Column.tsx:124:22)
  129 |                   onEdit={onEditTask}
  130 |                   onDelete={onDeleteTask}
> 131 |                   isSelected={selectedTasks.includes(task.id)}
      |                                             ^
  132 |                   onToggleSelection={onToggleTaskSelection}
  133 |                   compactMode={compactMode}
  134 |                 /> {
  digest: '3691826352'
}
 GET / 500 in 250ms
 GET /favicon.ico 200 in 260ms
 ✓ Compiled in 533ms
 ⚠ Fast Refresh had to perform a full reload due to a runtime error.
 ⚠ Fast Refresh had to perform a full reload due to a runtime error.
 ✓ Compiled in 0ms
 GET / 200 in 876ms
 GET /favicon.ico?favicon.bf3c9292.ico 200 in 268ms
 GET /favicon.ico 200 in 331ms
 GET /favicon.ico?favicon.bf3c9292.ico 200 in 330ms
 ⚠ Fast Refresh had to perform a full reload due to a runtime error.
 ⚠ Fast Refresh had to perform a full reload due to a runtime error.
 GET / 200 in 355ms
 ✓ Compiled in 307ms
 ✓ Compiled in 308ms
 ✓ Compiled in 255ms
 ⚠ Fast Refresh had to perform a full reload due to a runtime error.
 ✓ Compiled / in 42ms
 GET / 200 in 862ms
 GET /favicon.ico?favicon.bf3c9292.ico 200 in 266ms
 GET /favicon.ico 200 in 315ms
 GET /favicon.ico?favicon.bf3c9292.ico 200 in 304ms
 GET / 200 in 106ms
 GET / 200 in 107ms
 ✓ Compiled in 342ms
 ✓ Compiled in 304ms
 GET / 200 in 867ms
 GET /favicon.ico?favicon.bf3c9292.ico 200 in 266ms
 GET /favicon.ico 200 in 335ms
 GET /favicon.ico?favicon.bf3c9292.ico 200 in 324ms
